<?xml version="1.0" encoding="UTF-8"?>
<!-- Generated by org.testng.reporters.JUnitReportReporter -->
<testsuite skipped="0" hostname="DESKTOP-R3EKG9O" name="firsttestngpackage.day1" tests="1" failures="0" timestamp="2020-06-21T17:49:27 GMT" time="0.010" errors="0">
  <testcase name="Demo" time="0.010" classname="firsttestngpackage.day1"/>
  <system-out/>
</testsuite> <!-- firsttestngpackage.day1 -->
