<?xml version="1.0" encoding="UTF-8"?>
<!-- Generated by org.testng.reporters.JUnitReportReporter -->
<testsuite skipped="0" hostname="DESKTOP-R3EKG9O" name="test.setPriority" tests="4" failures="0" timestamp="2020-06-04T16:40:10 GMT" time="20.237" errors="0">
  <testcase name="openBrowser" time="9.052" classname="test.setPriority"/>
  <system-out/>
  <testcase name="launchGoogle" time="4.259" classname="test.setPriority"/>
  <system-out/>
  <testcase name="peformSeachAndClick1stLink" time="0.605" classname="test.setPriority"/>
  <system-out/>
  <testcase name="FacebookPageTitleVerification" time="6.321" classname="test.setPriority"/>
  <system-out/>
</testsuite> <!-- test.setPriority -->
