<?xml version="1.0" encoding="UTF-8"?>
<!-- Generated by org.testng.reporters.JUnitReportReporter -->
<testsuite skipped="0" hostname="DESKTOP-R3EKG9O" name="firsttestngpackage.day4" tests="3" failures="0" timestamp="2020-06-21T17:49:27 GMT" time="0.016" errors="0">
  <testcase name="MobileLoginHomeLoan" time="0.009" classname="firsttestngpackage.day4"/>
  <system-out/>
  <testcase name="WebloginHomeLoan" time="0.002" classname="firsttestngpackage.day4"/>
  <system-out/>
  <testcase name="loginAPIHomeLoan" time="0.005" classname="firsttestngpackage.day4"/>
  <system-out/>
</testsuite> <!-- firsttestngpackage.day4 -->
