<?xml version="1.0" encoding="UTF-8"?>
<!-- Generated by org.testng.reporters.JUnitReportReporter -->
<testsuite skipped="0" hostname="DESKTOP-R3EKG9O" name="firsttestngpackage.day3" tests="7" failures="0" timestamp="2020-06-21T17:49:27 GMT" time="0.021" errors="0">
  <testcase name="MobileLogoutcarLoan" time="0.002" classname="firsttestngpackage.day3"/>
  <system-out/>
  <testcase name="MobileLogoutcarLoan" time="0.002" classname="firsttestngpackage.day3"/>
  <system-out/>
  <testcase name="WeblogincarLoan" time="0.001" classname="firsttestngpackage.day3"/>
  <system-out/>
  <testcase name="APIlogincarLoan" time="0.008" classname="firsttestngpackage.day3"/>
  <system-out/>
  <testcase name="MobileEditcarLoan" time="0.005" classname="firsttestngpackage.day3"/>
  <system-out/>
  <testcase name="MobileLogincarLoan" time="0.002" classname="firsttestngpackage.day3"/>
  <system-out/>
  <testcase name="MobileLogoutcarLoan" time="0.001" classname="firsttestngpackage.day3"/>
  <system-out/>
</testsuite> <!-- firsttestngpackage.day3 -->
